Watching for file changes with StatReloader
Not Found: /favicon.ico
C:\Users\pc\Desktop\football biding\BidBazaar\auctions\urls.py changed, reloading.
Watching for file changes with StatReloader
Not Found: /media/
Not Found: /media/
Not Found: /media/
Not Found: /media/
Not Found: /media/
Not Found: /media/
Not Found: /media/
Not Found: /media/
Not Found: /media/
Not Found: /media/
Not Found: /media/
Not Found: /media/
Not Found: /media/
Not Found: /media/
Not Found: /media/
Not Found: /media/
Not Found: /media/
Not Found: /media/
Not Found: /media/
Not Found: /media/
Not Found: /media/
Not Found: /media/
Not Found: /media/
Not Found: /media/
Not Found: /media/
Not Found: /media/
Not Found: /media/
Not Found: /media/
Not Found: /media/
Not Found: /media/
Watching for file changes with StatReloader
Not Found: /media/
Not Found: /media/
Not Found: /media/
Not Found: /media/
Not Found: /media/
Not Found: /media/
Not Found: /media/
Not Found: /media/
Not Found: /media/
Not Found: /media/
Not Found: /media/
Not Found: /media/
Not Found: /media/
Not Found: /media/
Not Found: /media/
Not Found: /media/
Not Found: /media/
Not Found: /media/
Not Found: /media/
Not Found: /media/
Not Found: /media/
Not Found: /media/
C:\Users\pc\Desktop\football biding\SoccerBID\auctions\forms.py changed, reloading.
Watching for file changes with StatReloader
C:\Users\pc\Desktop\football biding\SoccerBID\auctions\forms.py changed, reloading.
Watching for file changes with StatReloader
C:\Users\pc\Desktop\football biding\SoccerBID\auctions\forms.py changed, reloading.
Watching for file changes with StatReloader
C:\Users\pc\Desktop\football biding\SoccerBID\auctions\forms.py changed, reloading.
Watching for file changes with StatReloader
C:\Users\pc\Desktop\football biding\SoccerBID\auctions\forms.py changed, reloading.
Watching for file changes with StatReloader
C:\Users\pc\Desktop\football biding\SoccerBID\auctions\forms.py changed, reloading.
Watching for file changes with StatReloader
C:\Users\pc\Desktop\football biding\SoccerBID\auctions\forms.py changed, reloading.
Watching for file changes with StatReloader
C:\Users\pc\Desktop\football biding\SoccerBID\auctions\forms.py changed, reloading.
Watching for file changes with StatReloader
C:\Users\pc\Desktop\football biding\SoccerBID\auctions\forms.py changed, reloading.
Watching for file changes with StatReloader
C:\Users\pc\Desktop\football biding\SoccerBID\auctions\forms.py changed, reloading.
Watching for file changes with StatReloader
C:\Users\pc\Desktop\football biding\SoccerBID\auctions\forms.py changed, reloading.
Watching for file changes with StatReloader
C:\Users\pc\Desktop\football biding\SoccerBID\auctions\forms.py changed, reloading.
Watching for file changes with StatReloader
C:\Users\pc\Desktop\football biding\SoccerBID\auctions\forms.py changed, reloading.
Watching for file changes with StatReloader
C:\Users\pc\Desktop\football biding\SoccerBID\auctions\forms.py changed, reloading.
Watching for file changes with StatReloader
C:\Users\pc\Desktop\football biding\SoccerBID\auctions\forms.py changed, reloading.
Watching for file changes with StatReloader
C:\Users\pc\Desktop\football biding\SoccerBID\auctions\forms.py changed, reloading.
Watching for file changes with StatReloader
C:\Users\pc\Desktop\football biding\SoccerBID\auctions\forms.py changed, reloading.
Watching for file changes with StatReloader
C:\Users\pc\Desktop\football biding\SoccerBID\auctions\forms.py changed, reloading.
Watching for file changes with StatReloader
C:\Users\pc\Desktop\football biding\SoccerBID\auctions\forms.py changed, reloading.
Watching for file changes with StatReloader
C:\Users\pc\Desktop\football biding\SoccerBID\auctions\forms.py changed, reloading.
Watching for file changes with StatReloader
C:\Users\pc\Desktop\football biding\SoccerBID\auctions\forms.py changed, reloading.
Watching for file changes with StatReloader
C:\Users\pc\Desktop\football biding\SoccerBID\auctions\forms.py changed, reloading.
Watching for file changes with StatReloader
C:\Users\pc\Desktop\football biding\SoccerBID\auctions\forms.py changed, reloading.
Watching for file changes with StatReloader
C:\Users\pc\Desktop\football biding\SoccerBID\auctions\forms.py changed, reloading.
Watching for file changes with StatReloader
C:\Users\pc\Desktop\football biding\SoccerBID\auctions\forms.py changed, reloading.
Watching for file changes with StatReloader
C:\Users\pc\Desktop\football biding\SoccerBID\auctions\forms.py changed, reloading.
Watching for file changes with StatReloader
C:\Users\pc\Desktop\football biding\SoccerBID\auctions\forms.py changed, reloading.
Watching for file changes with StatReloader
C:\Users\pc\Desktop\football biding\SoccerBID\auctions\forms.py changed, reloading.
Watching for file changes with StatReloader
C:\Users\pc\Desktop\football biding\SoccerBID\auctions\forms.py changed, reloading.
Watching for file changes with StatReloader
C:\Users\pc\Desktop\football biding\SoccerBID\auctions\forms.py changed, reloading.
Watching for file changes with StatReloader
C:\Users\pc\Desktop\football biding\SoccerBID\auctions\forms.py changed, reloading.
Watching for file changes with StatReloader
C:\Users\pc\Desktop\football biding\SoccerBID\auctions\forms.py changed, reloading.
Watching for file changes with StatReloader
C:\Users\pc\Desktop\football biding\SoccerBID\auctions\forms.py changed, reloading.
Watching for file changes with StatReloader
C:\Users\pc\Desktop\football biding\SoccerBID\auctions\forms.py changed, reloading.
Watching for file changes with StatReloader
C:\Users\pc\Desktop\football biding\SoccerBID\auctions\forms.py changed, reloading.
Watching for file changes with StatReloader
C:\Users\pc\Desktop\football biding\SoccerBID\auctions\forms.py changed, reloading.
Watching for file changes with StatReloader
C:\Users\pc\Desktop\football biding\SoccerBID\auctions\forms.py changed, reloading.
Watching for file changes with StatReloader
C:\Users\pc\Desktop\football biding\SoccerBID\auctions\forms.py changed, reloading.
Watching for file changes with StatReloader
C:\Users\pc\Desktop\football biding\SoccerBID\auctions\forms.py changed, reloading.
Watching for file changes with StatReloader
C:\Users\pc\Desktop\football biding\SoccerBID\auctions\forms.py changed, reloading.
Watching for file changes with StatReloader
C:\Users\pc\Desktop\football biding\SoccerBID\auctions\forms.py changed, reloading.
Watching for file changes with StatReloader
C:\Users\pc\Desktop\football biding\SoccerBID\auctions\forms.py changed, reloading.
Watching for file changes with StatReloader
C:\Users\pc\Desktop\football biding\SoccerBID\auctions\forms.py changed, reloading.
Watching for file changes with StatReloader
Not Found: /media/
Not Found: /media/
